[
  {
    "line": 1,
    "elements": [
      {
        "line": 11,
        "name": "Validating the lead got saved successfully",
        "description": "",
        "id": "user-is-going-to-automate-the-lennox-website;validating-the-lead-got-saved-successfully;;2",
        "type": "scenario",
        "keyword": "Scenario Outline",
        "steps": [
          {
            "result": {
              "duration": 32530767084,
              "status": "passed"
            },
            "line": 4,
            "name": "User is on lennox application and login using valid credentials",
            "match": {
              "location": "StepDefenition.user_is_on_lennox_application_and_login_using_valid_credentials()"
            },
            "keyword": "Given "
          },
          {
            "result": {
              "duration": 28697511977,
              "status": "passed"
            },
            "line": 5,
            "name": "user is going to add lead",
            "match": {
              "location": "StepDefenition.user_is_going_to_add_lead()"
            },
            "keyword": "When "
          },
          {
            "result": {
              "duration": 30977144315,
              "status": "passed"
            },
            "line": 6,
            "name": "filling details from \"7\"",
            "match": {
              "arguments": [
                {
                  "val": "\"7\"",
                  "offset": 21
                }
              ],
              "location": "StepDefenition.filling_details_from(String)"
            },
            "keyword": "And "
          },
          {
            "result": {
              "duration": 131566092,
              "status": "passed"
            },
            "line": 7,
            "name": "user is going to validate lead got saved successfully",
            "match": {
              "location": "StepDefenition.user_is_going_to_validate_lead_got_saved_successfully()"
            },
            "keyword": "Then "
          }
        ]
      },
      {
        "line": 12,
        "name": "Validating the lead got saved successfully",
        "description": "",
        "id": "user-is-going-to-automate-the-lennox-website;validating-the-lead-got-saved-successfully;;3",
        "type": "scenario",
        "keyword": "Scenario Outline",
        "steps": [
          {
            "result": {
              "duration": 121788,
              "status": "passed"
            },
            "line": 4,
            "name": "User is on lennox application and login using valid credentials",
            "match": {
              "location": "StepDefenition.user_is_on_lennox_application_and_login_using_valid_credentials()"
            },
            "keyword": "Given "
          },
          {
            "result": {
              "error_message": "org.openqa.selenium.ElementClickInterceptedException: element click intercepted: Element \u003ca href\u003d\"#\" class\u003d\"btn-v2\"\u003e...\u003c/a\u003e is not clickable at point (130, 381). Other element would receive the click: \u003cdiv class\u003d\"modal-popup moby shade small quick-action-popup show\" id\u003d\"duplicate-lead-modal\" data-gtm-vis-recent-on-screen-6200999_152\u003d\"35580\" data-gtm-vis-first-on-screen-6200999_152\u003d\"35580\" data-gtm-vis-total-visible-time-6200999_152\u003d\"100\" data-gtm-vis-has-fired-6200999_152\u003d\"1\" style\u003d\"display: block;\"\u003e...\u003c/div\u003e\n  (Session info: chrome\u003d87.0.4280.88)\nBuild info: version: \u00273.141.59\u0027, revision: \u0027e82be7d358\u0027, time: \u00272018-11-14T08:17:03\u0027\nSystem info: host: \u0027DELL-PC\u0027, ip: \u0027192.168.43.196\u0027, os.name: \u0027Windows 7\u0027, os.arch: \u0027amd64\u0027, os.version: \u00276.1\u0027, java.version: \u00271.8.0_251\u0027\nDriver info: org.openqa.selenium.chrome.ChromeDriver\nCapabilities {acceptInsecureCerts: false, browserName: chrome, browserVersion: 87.0.4280.88, chrome: {chromedriverVersion: 87.0.4280.88 (89e2380a3e36c..., userDataDir: C:\\Users\\Dell\\AppData\\Local...}, goog:chromeOptions: {debuggerAddress: localhost:61602}, javascriptEnabled: true, networkConnectionEnabled: false, pageLoadStrategy: normal, platform: WINDOWS, platformName: WINDOWS, proxy: Proxy(), setWindowRect: true, strictFileInteractability: false, timeouts: {implicit: 0, pageLoad: 300000, script: 30000}, unhandledPromptBehavior: dismiss and notify, webauthn:virtualAuthenticators: true}\nSession ID: 24d408430012654b78c1a59249e14906\r\n\tat sun.reflect.NativeConstructorAccessorImpl.newInstance0(Native Method)\r\n\tat sun.reflect.NativeConstructorAccessorImpl.newInstance(Unknown Source)\r\n\tat sun.reflect.DelegatingConstructorAccessorImpl.newInstance(Unknown Source)\r\n\tat java.lang.reflect.Constructor.newInstance(Unknown Source)\r\n\tat org.openqa.selenium.remote.http.W3CHttpResponseCodec.createException(W3CHttpResponseCodec.java:187)\r\n\tat org.openqa.selenium.remote.http.W3CHttpResponseCodec.decode(W3CHttpResponseCodec.java:122)\r\n\tat org.openqa.selenium.remote.http.W3CHttpResponseCodec.decode(W3CHttpResponseCodec.java:49)\r\n\tat org.openqa.selenium.remote.HttpCommandExecutor.execute(HttpCommandExecutor.java:158)\r\n\tat org.openqa.selenium.remote.service.DriverCommandExecutor.execute(DriverCommandExecutor.java:83)\r\n\tat org.openqa.selenium.remote.RemoteWebDriver.execute(RemoteWebDriver.java:552)\r\n\tat org.openqa.selenium.remote.RemoteWebElement.execute(RemoteWebElement.java:285)\r\n\tat org.openqa.selenium.remote.RemoteWebElement.click(RemoteWebElement.java:84)\r\n\tat sun.reflect.NativeMethodAccessorImpl.invoke0(Native Method)\r\n\tat sun.reflect.NativeMethodAccessorImpl.invoke(Unknown Source)\r\n\tat sun.reflect.DelegatingMethodAccessorImpl.invoke(Unknown Source)\r\n\tat java.lang.reflect.Method.invoke(Unknown Source)\r\n\tat org.openqa.selenium.support.pagefactory.internal.LocatingElementHandler.invoke(LocatingElementHandler.java:51)\r\n\tat com.sun.proxy.$Proxy15.click(Unknown Source)\r\n\tat org.stepDef.StepDefenition.user_is_going_to_add_lead(StepDefenition.java:36)\r\n\tat ✽.user is going to add lead(src/test/resources/Feature file/lennox.feature:5)\r\n",
              "duration": 4863318149,
              "status": "failed"
            },
            "line": 5,
            "name": "user is going to add lead",
            "match": {
              "location": "StepDefenition.user_is_going_to_add_lead()"
            },
            "keyword": "When "
          },
          {
            "result": {
              "duration": 38316,
              "status": "skipped"
            },
            "line": 6,
            "name": "filling details from \"8\"",
            "match": {
              "arguments": [
                {
                  "val": "\"8\"",
                  "offset": 21
                }
              ],
              "location": "StepDefenition.filling_details_from(String)"
            },
            "keyword": "And "
          },
          {
            "result": {
              "duration": 20526,
              "status": "skipped"
            },
            "line": 7,
            "name": "user is going to validate lead got saved successfully",
            "match": {
              "location": "StepDefenition.user_is_going_to_validate_lead_got_saved_successfully()"
            },
            "keyword": "Then "
          }
        ]
      },
      {
        "line": 13,
        "name": "Validating the lead got saved successfully",
        "description": "",
        "id": "user-is-going-to-automate-the-lennox-website;validating-the-lead-got-saved-successfully;;4",
        "type": "scenario",
        "keyword": "Scenario Outline",
        "steps": [
          {
            "result": {
              "duration": 112209,
              "status": "passed"
            },
            "line": 4,
            "name": "User is on lennox application and login using valid credentials",
            "match": {
              "location": "StepDefenition.user_is_on_lennox_application_and_login_using_valid_credentials()"
            },
            "keyword": "Given "
          },
          {
            "result": {
              "error_message": "org.openqa.selenium.ElementClickInterceptedException: element click intercepted: Element \u003cdiv class\u003d\"gor-navigation pull-left gor-menu-container v2-hmaburger-menu-container\"\u003e...\u003c/div\u003e is not clickable at point (25, 20). Other element would receive the click: \u003cdiv class\u003d\"modal-popup moby shade small quick-action-popup show\" id\u003d\"duplicate-lead-modal\" data-gtm-vis-recent-on-screen-6200999_152\u003d\"35580\" data-gtm-vis-first-on-screen-6200999_152\u003d\"35580\" data-gtm-vis-total-visible-time-6200999_152\u003d\"100\" data-gtm-vis-has-fired-6200999_152\u003d\"1\" style\u003d\"display: block;\"\u003e...\u003c/div\u003e\n  (Session info: chrome\u003d87.0.4280.88)\nBuild info: version: \u00273.141.59\u0027, revision: \u0027e82be7d358\u0027, time: \u00272018-11-14T08:17:03\u0027\nSystem info: host: \u0027DELL-PC\u0027, ip: \u0027192.168.43.196\u0027, os.name: \u0027Windows 7\u0027, os.arch: \u0027amd64\u0027, os.version: \u00276.1\u0027, java.version: \u00271.8.0_251\u0027\nDriver info: org.openqa.selenium.chrome.ChromeDriver\nCapabilities {acceptInsecureCerts: false, browserName: chrome, browserVersion: 87.0.4280.88, chrome: {chromedriverVersion: 87.0.4280.88 (89e2380a3e36c..., userDataDir: C:\\Users\\Dell\\AppData\\Local...}, goog:chromeOptions: {debuggerAddress: localhost:61602}, javascriptEnabled: true, networkConnectionEnabled: false, pageLoadStrategy: normal, platform: WINDOWS, platformName: WINDOWS, proxy: Proxy(), setWindowRect: true, strictFileInteractability: false, timeouts: {implicit: 0, pageLoad: 300000, script: 30000}, unhandledPromptBehavior: dismiss and notify, webauthn:virtualAuthenticators: true}\nSession ID: 24d408430012654b78c1a59249e14906\r\n\tat sun.reflect.NativeConstructorAccessorImpl.newInstance0(Native Method)\r\n\tat sun.reflect.NativeConstructorAccessorImpl.newInstance(Unknown Source)\r\n\tat sun.reflect.DelegatingConstructorAccessorImpl.newInstance(Unknown Source)\r\n\tat java.lang.reflect.Constructor.newInstance(Unknown Source)\r\n\tat org.openqa.selenium.remote.http.W3CHttpResponseCodec.createException(W3CHttpResponseCodec.java:187)\r\n\tat org.openqa.selenium.remote.http.W3CHttpResponseCodec.decode(W3CHttpResponseCodec.java:122)\r\n\tat org.openqa.selenium.remote.http.W3CHttpResponseCodec.decode(W3CHttpResponseCodec.java:49)\r\n\tat org.openqa.selenium.remote.HttpCommandExecutor.execute(HttpCommandExecutor.java:158)\r\n\tat org.openqa.selenium.remote.service.DriverCommandExecutor.execute(DriverCommandExecutor.java:83)\r\n\tat org.openqa.selenium.remote.RemoteWebDriver.execute(RemoteWebDriver.java:552)\r\n\tat org.openqa.selenium.remote.RemoteWebElement.execute(RemoteWebElement.java:285)\r\n\tat org.openqa.selenium.remote.RemoteWebElement.click(RemoteWebElement.java:84)\r\n\tat sun.reflect.GeneratedMethodAccessor3.invoke(Unknown Source)\r\n\tat sun.reflect.DelegatingMethodAccessorImpl.invoke(Unknown Source)\r\n\tat java.lang.reflect.Method.invoke(Unknown Source)\r\n\tat org.openqa.selenium.support.pagefactory.internal.LocatingElementHandler.invoke(LocatingElementHandler.java:51)\r\n\tat com.sun.proxy.$Proxy15.click(Unknown Source)\r\n\tat org.stepDef.StepDefenition.user_is_going_to_add_lead(StepDefenition.java:34)\r\n\tat ✽.user is going to add lead(src/test/resources/Feature file/lennox.feature:5)\r\n",
              "duration": 1140037850,
              "status": "failed"
            },
            "line": 5,
            "name": "user is going to add lead",
            "match": {
              "location": "StepDefenition.user_is_going_to_add_lead()"
            },
            "keyword": "When "
          },
          {
            "result": {
              "duration": 20526,
              "status": "skipped"
            },
            "line": 6,
            "name": "filling details from \"9\"",
            "match": {
              "arguments": [
                {
                  "val": "\"9\"",
                  "offset": 21
                }
              ],
              "location": "StepDefenition.filling_details_from(String)"
            },
            "keyword": "And "
          },
          {
            "result": {
              "duration": 17789,
              "status": "skipped"
            },
            "line": 7,
            "name": "user is going to validate lead got saved successfully",
            "match": {
              "location": "StepDefenition.user_is_going_to_validate_lead_got_saved_successfully()"
            },
            "keyword": "Then "
          }
        ]
      }
    ],
    "name": "User is going to automate the lennox website",
    "description": "",
    "id": "user-is-going-to-automate-the-lennox-website",
    "keyword": "Feature",
    "uri": "src/test/resources/Feature file/lennox.feature",
    "tags": []
  }
]